 =========================================================================
 DateTime：2014-06-16 14:13:45.7738 
 Message：
select serverproperty('EngineEdition')

Parameters: 

-- Executing at 2014/6/16 下午 02:13:45 +08:00
-- Completed in 59.2 ms 
 =========================================================================
         
 =========================================================================
 DateTime：2014-06-16 14:13:47.1809 
 Message：

SELECT Count(*)
FROM INFORMATION_SCHEMA.TABLES AS t
WHERE t.TABLE_SCHEMA + '.' + t.TABLE_NAME IN ('dbo.Categories','dbo.Products','dbo.Order Details','dbo.Orders','dbo.Customers','dbo.CustomerDemographics','dbo.Employees','dbo.Territories','dbo.Region','dbo.Shippers','dbo.Suppliers','dbo.CustomerCustomerDemo','dbo.EmployeeTerritories')
    OR t.TABLE_NAME = 'EdmMetadata'

Parameters: 

-- Executing at 2014/6/16 下午 02:13:47 +08:00
-- Completed in 61.4 ms 
 =========================================================================
         
 =========================================================================
 DateTime：2014-06-16 14:13:50.9381 
 Message：
SELECT 
    [GroupBy1].[A1] AS [C1]
    FROM ( SELECT 
        COUNT(1) AS [A1]
        FROM [dbo].[Customers] AS [Extent1]
    )  AS [GroupBy1]

Parameters: 

-- Executing at 2014/6/16 下午 02:13:50 +08:00
-- Completed in 24.9 ms 
 =========================================================================
         
 =========================================================================
 DateTime：2014-06-16 14:13:51.0981 
 Message：
SELECT TOP (10) 
    [Extent1].[CustomerID] AS [CustomerID], 
    [Extent1].[CompanyName] AS [CompanyName], 
    [Extent1].[ContactName] AS [ContactName], 
    [Extent1].[ContactTitle] AS [ContactTitle], 
    [Extent1].[Address] AS [Address], 
    [Extent1].[City] AS [City], 
    [Extent1].[Region] AS [Region], 
    [Extent1].[PostalCode] AS [PostalCode], 
    [Extent1].[Country] AS [Country], 
    [Extent1].[Phone] AS [Phone], 
    [Extent1].[Fax] AS [Fax]
    FROM ( SELECT [Extent1].[CustomerID] AS [CustomerID], [Extent1].[CompanyName] AS [CompanyName], [Extent1].[ContactName] AS [ContactName], [Extent1].[ContactTitle] AS [ContactTitle], [Extent1].[Address] AS [Address], [Extent1].[City] AS [City], [Extent1].[Region] AS [Region], [Extent1].[PostalCode] AS [PostalCode], [Extent1].[Country] AS [Country], [Extent1].[Phone] AS [Phone], [Extent1].[Fax] AS [Fax], row_number() OVER (ORDER BY [Extent1].[CustomerID] ASC) AS [row_number]
        FROM [dbo].[Customers] AS [Extent1]
    )  AS [Extent1]
    WHERE [Extent1].[row_number] > 0
    ORDER BY [Extent1].[CustomerID] ASC

Parameters: 

-- Executing at 2014/6/16 下午 02:13:51 +08:00
-- Completed in 30.7 ms 
 =========================================================================
         
