 =========================================================================
 DateTime¡G2014-06-16 14:15:43.0601 
 Message¡G
SELECT 
    [GroupBy1].[A1] AS [C1]
    FROM ( SELECT 
        COUNT(1) AS [A1]
        FROM [dbo].[Customers] AS [Extent1]
    )  AS [GroupBy1]

Parameters: 

-- Executing at 2014/6/16 ¤U¤È 02:15:43 +08:00
-- Completed in 33.3 ms 
 =========================================================================
         
 =========================================================================
 DateTime¡G2014-06-16 14:15:43.4189 
 Message¡G
SELECT TOP (10) 
    [Extent1].[CustomerID] AS [CustomerID], 
    [Extent1].[CompanyName] AS [CompanyName], 
    [Extent1].[ContactName] AS [ContactName], 
    [Extent1].[ContactTitle] AS [ContactTitle], 
    [Extent1].[Address] AS [Address], 
    [Extent1].[City] AS [City], 
    [Extent1].[Region] AS [Region], 
    [Extent1].[PostalCode] AS [PostalCode], 
    [Extent1].[Country] AS [Country], 
    [Extent1].[Phone] AS [Phone], 
    [Extent1].[Fax] AS [Fax]
    FROM ( SELECT [Extent1].[CustomerID] AS [CustomerID], [Extent1].[CompanyName] AS [CompanyName], [Extent1].[ContactName] AS [ContactName], [Extent1].[ContactTitle] AS [ContactTitle], [Extent1].[Address] AS [Address], [Extent1].[City] AS [City], [Extent1].[Region] AS [Region], [Extent1].[PostalCode] AS [PostalCode], [Extent1].[Country] AS [Country], [Extent1].[Phone] AS [Phone], [Extent1].[Fax] AS [Fax], row_number() OVER (ORDER BY [Extent1].[CustomerID] ASC) AS [row_number]
        FROM [dbo].[Customers] AS [Extent1]
    )  AS [Extent1]
    WHERE [Extent1].[row_number] > 90
    ORDER BY [Extent1].[CustomerID] ASC

Parameters: 

-- Executing at 2014/6/16 ¤U¤È 02:15:43 +08:00
-- Completed in 22.9 ms 
 =========================================================================
         
